heap profile: 0: 0 [0: 0] @ heap/1048576

# runtime.MemStats
# Alloc = 142800
# TotalAlloc = 142800
# Sys = 1740800
# Lookups = 8
# Mallocs = 546
# Frees = 68
# HeapAlloc = 142800
# HeapSys = 720896
# HeapIdle = 311296
# HeapInuse = 409600
# HeapReleased = 0
# HeapObjects = 478
# Stack = 327680 / 327680
# MSpan = 8320 / 16384
# MCache = 4800 / 16384
# BuckHashSys = 2113
# NextGC = 4194304
# PauseNs = [0 0 0 0 0 0 0 0 0 0 0 0 0 0 0 0 0 0 0 0 0 0 0 0 0 0 0 0 0 0 0 0 0 0 0 0 0 0 0 0 0 0 0 0 0 0 0 0 0 0 0 0 0 0 0 0 0 0 0 0 0 0 0 0 0 0 0 0 0 0 0 0 0 0 0 0 0 0 0 0 0 0 0 0 0 0 0 0 0 0 0 0 0 0 0 0 0 0 0 0 0 0 0 0 0 0 0 0 0 0 0 0 0 0 0 0 0 0 0 0 0 0 0 0 0 0 0 0 0 0 0 0 0 0 0 0 0 0 0 0 0 0 0 0 0 0 0 0 0 0 0 0 0 0 0 0 0 0 0 0 0 0 0 0 0 0 0 0 0 0 0 0 0 0 0 0 0 0 0 0 0 0 0 0 0 0 0 0 0 0 0 0 0 0 0 0 0 0 0 0 0 0 0 0 0 0 0 0 0 0 0 0 0 0 0 0 0 0 0 0 0 0 0 0 0 0 0 0 0 0 0 0 0 0 0 0 0 0 0 0 0 0 0 0 0 0 0 0 0 0 0 0 0 0 0 0]
# NumGC = 0
# DebugGC = false
