heap profile: 0: 0 [0: 0] @ heap/1048576

# runtime.MemStats
# Alloc = 214176
# TotalAlloc = 214176
# Sys = 1740800
# Lookups = 16
# Mallocs = 863
# Frees = 127
# HeapAlloc = 214176
# HeapSys = 720896
# HeapIdle = 188416
# HeapInuse = 532480
# HeapReleased = 0
# HeapObjects = 736
# Stack = 327680 / 327680
# MSpan = 9280 / 16384
# MCache = 4800 / 16384
# BuckHashSys = 2113
# NextGC = 4194304
# PauseNs = [0 0 0 0 0 0 0 0 0 0 0 0 0 0 0 0 0 0 0 0 0 0 0 0 0 0 0 0 0 0 0 0 0 0 0 0 0 0 0 0 0 0 0 0 0 0 0 0 0 0 0 0 0 0 0 0 0 0 0 0 0 0 0 0 0 0 0 0 0 0 0 0 0 0 0 0 0 0 0 0 0 0 0 0 0 0 0 0 0 0 0 0 0 0 0 0 0 0 0 0 0 0 0 0 0 0 0 0 0 0 0 0 0 0 0 0 0 0 0 0 0 0 0 0 0 0 0 0 0 0 0 0 0 0 0 0 0 0 0 0 0 0 0 0 0 0 0 0 0 0 0 0 0 0 0 0 0 0 0 0 0 0 0 0 0 0 0 0 0 0 0 0 0 0 0 0 0 0 0 0 0 0 0 0 0 0 0 0 0 0 0 0 0 0 0 0 0 0 0 0 0 0 0 0 0 0 0 0 0 0 0 0 0 0 0 0 0 0 0 0 0 0 0 0 0 0 0 0 0 0 0 0 0 0 0 0 0 0 0 0 0 0 0 0 0 0 0 0 0 0 0 0 0 0 0 0]
# NumGC = 0
# DebugGC = false
