heap profile: 1: 80003072 [1: 80003072] @ heap/1048576
1: 80003072 [1: 80003072] @ 0x471313 0x471293 0x46bb21 0x457751

# runtime.MemStats
# Alloc = 80196296
# TotalAlloc = 80221672
# Sys = 89585976
# Lookups = 11
# Mallocs = 473
# Frees = 153
# HeapAlloc = 80196296
# HeapSys = 80674816
# HeapIdle = 114688
# HeapInuse = 80560128
# HeapReleased = 0
# HeapObjects = 320
# Stack = 393216 / 393216
# MSpan = 9280 / 16384
# MCache = 4800 / 16384
# BuckHashSys = 1442401
# NextGC = 81171688
# PauseNs = [292902 0 0 0 0 0 0 0 0 0 0 0 0 0 0 0 0 0 0 0 0 0 0 0 0 0 0 0 0 0 0 0 0 0 0 0 0 0 0 0 0 0 0 0 0 0 0 0 0 0 0 0 0 0 0 0 0 0 0 0 0 0 0 0 0 0 0 0 0 0 0 0 0 0 0 0 0 0 0 0 0 0 0 0 0 0 0 0 0 0 0 0 0 0 0 0 0 0 0 0 0 0 0 0 0 0 0 0 0 0 0 0 0 0 0 0 0 0 0 0 0 0 0 0 0 0 0 0 0 0 0 0 0 0 0 0 0 0 0 0 0 0 0 0 0 0 0 0 0 0 0 0 0 0 0 0 0 0 0 0 0 0 0 0 0 0 0 0 0 0 0 0 0 0 0 0 0 0 0 0 0 0 0 0 0 0 0 0 0 0 0 0 0 0 0 0 0 0 0 0 0 0 0 0 0 0 0 0 0 0 0 0 0 0 0 0 0 0 0 0 0 0 0 0 0 0 0 0 0 0 0 0 0 0 0 0 0 0 0 0 0 0 0 0 0 0 0 0 0 0 0 0 0 0 0 0]
# NumGC = 1
# DebugGC = false
