
Display groups (map[string]*groupcache.Group) [2017-02-02 20:08:02]:
(*groups["SlowDBCache"]).name = "SlowDBCache"
(*groups["SlowDBCache"]).getter.type = groupcache.GetterFunc
(*groups["SlowDBCache"]).getter.value = groupcache.GetterFunc0x401a00
(*groups["SlowDBCache"]).peersOnce.m.state = 0
(*groups["SlowDBCache"]).peersOnce.m.sema = 0
(*groups["SlowDBCache"]).peersOnce.done = 0
(*groups["SlowDBCache"]).peers = nil
(*groups["SlowDBCache"]).cacheBytes = 67108864
(*groups["SlowDBCache"]).mainCache.mu.w.state = 0
(*groups["SlowDBCache"]).mainCache.mu.w.sema = 0
(*groups["SlowDBCache"]).mainCache.mu.writerSem = 0
(*groups["SlowDBCache"]).mainCache.mu.readerSem = 0
(*groups["SlowDBCache"]).mainCache.mu.readerCount = 0
(*groups["SlowDBCache"]).mainCache.mu.readerWait = 0
(*groups["SlowDBCache"]).mainCache.nbytes = 0
(*groups["SlowDBCache"]).mainCache.lru = nil
(*groups["SlowDBCache"]).mainCache.nhit = 0
(*groups["SlowDBCache"]).mainCache.nget = 0
(*groups["SlowDBCache"]).mainCache.nevict = 0
(*groups["SlowDBCache"]).hotCache.mu.w.state = 0
(*groups["SlowDBCache"]).hotCache.mu.w.sema = 0
(*groups["SlowDBCache"]).hotCache.mu.writerSem = 0
(*groups["SlowDBCache"]).hotCache.mu.readerSem = 0
(*groups["SlowDBCache"]).hotCache.mu.readerCount = 0
(*groups["SlowDBCache"]).hotCache.mu.readerWait = 0
(*groups["SlowDBCache"]).hotCache.nbytes = 0
(*groups["SlowDBCache"]).hotCache.lru = nil
(*groups["SlowDBCache"]).hotCache.nhit = 0
(*groups["SlowDBCache"]).hotCache.nget = 0
(*groups["SlowDBCache"]).hotCache.nevict = 0
(*groups["SlowDBCache"]).loadGroup.type = *singleflight.Group
(*(*groups["SlowDBCache"]).loadGroup.value).mu.state = 0
(*(*groups["SlowDBCache"]).loadGroup.value).mu.sema = 0
(*groups["SlowDBCache"])._ = 0
(*groups["SlowDBCache"]).Stats.Gets = 0
(*groups["SlowDBCache"]).Stats.CacheHits = 0
(*groups["SlowDBCache"]).Stats.PeerLoads = 0
(*groups["SlowDBCache"]).Stats.PeerErrors = 0
(*groups["SlowDBCache"]).Stats.Loads = 0
(*groups["SlowDBCache"]).Stats.LoadsDeduped = 0
(*groups["SlowDBCache"]).Stats.LocalLoads = 0
(*groups["SlowDBCache"]).Stats.LocalLoadErrors = 0
(*groups["SlowDBCache"]).Stats.ServerRequests = 0

Display groups (map[string]*groupcache.Group) [2017-02-02 20:08:02]:
(*groups["SlowDBCache"]).name = "SlowDBCache"
(*groups["SlowDBCache"]).getter.type = groupcache.GetterFunc
(*groups["SlowDBCache"]).getter.value = groupcache.GetterFunc0x401a00
(*groups["SlowDBCache"]).peersOnce.m.state = 0
(*groups["SlowDBCache"]).peersOnce.m.sema = 0
(*groups["SlowDBCache"]).peersOnce.done = 0
(*groups["SlowDBCache"]).peers = nil
(*groups["SlowDBCache"]).cacheBytes = 67108864
(*groups["SlowDBCache"]).mainCache.mu.w.state = 0
(*groups["SlowDBCache"]).mainCache.mu.w.sema = 0
(*groups["SlowDBCache"]).mainCache.mu.writerSem = 0
(*groups["SlowDBCache"]).mainCache.mu.readerSem = 0
(*groups["SlowDBCache"]).mainCache.mu.readerCount = 0
(*groups["SlowDBCache"]).mainCache.mu.readerWait = 0
(*groups["SlowDBCache"]).mainCache.nbytes = 0
(*groups["SlowDBCache"]).mainCache.lru = nil
(*groups["SlowDBCache"]).mainCache.nhit = 0
(*groups["SlowDBCache"]).mainCache.nget = 0
(*groups["SlowDBCache"]).mainCache.nevict = 0
(*groups["SlowDBCache"]).hotCache.mu.w.state = 0
(*groups["SlowDBCache"]).hotCache.mu.w.sema = 0
(*groups["SlowDBCache"]).hotCache.mu.writerSem = 0
(*groups["SlowDBCache"]).hotCache.mu.readerSem = 0
(*groups["SlowDBCache"]).hotCache.mu.readerCount = 0
(*groups["SlowDBCache"]).hotCache.mu.readerWait = 0
(*groups["SlowDBCache"]).hotCache.nbytes = 0
(*groups["SlowDBCache"]).hotCache.lru = nil
(*groups["SlowDBCache"]).hotCache.nhit = 0
(*groups["SlowDBCache"]).hotCache.nget = 0
(*groups["SlowDBCache"]).hotCache.nevict = 0
(*groups["SlowDBCache"]).loadGroup.type = *singleflight.Group
(*(*groups["SlowDBCache"]).loadGroup.value).mu.state = 0
(*(*groups["SlowDBCache"]).loadGroup.value).mu.sema = 0
(*groups["SlowDBCache"])._ = 0
(*groups["SlowDBCache"]).Stats.Gets = 0
(*groups["SlowDBCache"]).Stats.CacheHits = 0
(*groups["SlowDBCache"]).Stats.PeerLoads = 0
(*groups["SlowDBCache"]).Stats.PeerErrors = 0
(*groups["SlowDBCache"]).Stats.Loads = 0
(*groups["SlowDBCache"]).Stats.LoadsDeduped = 0
(*groups["SlowDBCache"]).Stats.LocalLoads = 0
(*groups["SlowDBCache"]).Stats.LocalLoadErrors = 0
(*groups["SlowDBCache"]).Stats.ServerRequests = 0

Display groups (map[string]*groupcache.Group) [2017-02-02 20:08:02]:
(*groups["SlowDBCache"]).name = "SlowDBCache"
(*groups["SlowDBCache"]).getter.type = groupcache.GetterFunc
(*groups["SlowDBCache"]).getter.value = groupcache.GetterFunc0x401a00
(*groups["SlowDBCache"]).peersOnce.m.state = 0
(*groups["SlowDBCache"]).peersOnce.m.sema = 0
(*groups["SlowDBCache"]).peersOnce.done = 0
(*groups["SlowDBCache"]).peers = nil
(*groups["SlowDBCache"]).cacheBytes = 67108864
(*groups["SlowDBCache"]).mainCache.mu.w.state = 0
(*groups["SlowDBCache"]).mainCache.mu.w.sema = 0
(*groups["SlowDBCache"]).mainCache.mu.writerSem = 0
(*groups["SlowDBCache"]).mainCache.mu.readerSem = 0
(*groups["SlowDBCache"]).mainCache.mu.readerCount = 0
(*groups["SlowDBCache"]).mainCache.mu.readerWait = 0
(*groups["SlowDBCache"]).mainCache.nbytes = 0
(*groups["SlowDBCache"]).mainCache.lru = nil
(*groups["SlowDBCache"]).mainCache.nhit = 0
(*groups["SlowDBCache"]).mainCache.nget = 0
(*groups["SlowDBCache"]).mainCache.nevict = 0
(*groups["SlowDBCache"]).hotCache.mu.w.state = 0
(*groups["SlowDBCache"]).hotCache.mu.w.sema = 0
(*groups["SlowDBCache"]).hotCache.mu.writerSem = 0
(*groups["SlowDBCache"]).hotCache.mu.readerSem = 0
(*groups["SlowDBCache"]).hotCache.mu.readerCount = 0
(*groups["SlowDBCache"]).hotCache.mu.readerWait = 0
(*groups["SlowDBCache"]).hotCache.nbytes = 0
(*groups["SlowDBCache"]).hotCache.lru = nil
(*groups["SlowDBCache"]).hotCache.nhit = 0
(*groups["SlowDBCache"]).hotCache.nget = 0
(*groups["SlowDBCache"]).hotCache.nevict = 0
(*groups["SlowDBCache"]).loadGroup.type = *singleflight.Group
(*(*groups["SlowDBCache"]).loadGroup.value).mu.state = 0
(*(*groups["SlowDBCache"]).loadGroup.value).mu.sema = 0
(*groups["SlowDBCache"])._ = 0
(*groups["SlowDBCache"]).Stats.Gets = 0
(*groups["SlowDBCache"]).Stats.CacheHits = 0
(*groups["SlowDBCache"]).Stats.PeerLoads = 0
(*groups["SlowDBCache"]).Stats.PeerErrors = 0
(*groups["SlowDBCache"]).Stats.Loads = 0
(*groups["SlowDBCache"]).Stats.LoadsDeduped = 0
(*groups["SlowDBCache"]).Stats.LocalLoads = 0
(*groups["SlowDBCache"]).Stats.LocalLoadErrors = 0
(*groups["SlowDBCache"]).Stats.ServerRequests = 0
